Determining if the pthread_create exist failed with the following output:
Change Dir: /home/pi/ros_catkin_ws/build_isolated/camera_calibration_parsers/CMakeFiles/CMakeTmp

Run Build Command:"/usr/bin/make" "cmTryCompileExec954023650/fast"
/usr/bin/make -f CMakeFiles/cmTryCompileExec954023650.dir/build.make CMakeFiles/cmTryCompileExec954023650.dir/build
make[1]: Entering directory '/home/pi/ros_catkin_ws/build_isolated/camera_calibration_parsers/CMakeFiles/CMakeTmp'
/usr/bin/cmake -E cmake_progress_report /home/pi/ros_catkin_ws/build_isolated/camera_calibration_parsers/CMakeFiles/CMakeTmp/CMakeFiles 1
Building C object CMakeFiles/cmTryCompileExec954023650.dir/CheckSymbolExists.c.o
/usr/bin/cc    -o CMakeFiles/cmTryCompileExec954023650.dir/CheckSymbolExists.c.o   -c /home/pi/ros_catkin_ws/build_isolated/camera_calibration_parsers/CMakeFiles/CMakeTmp/CheckSymbolExists.c
Linking C executable cmTryCompileExec954023650
/usr/bin/cmake -E cmake_link_script CMakeFiles/cmTryCompileExec954023650.dir/link.txt --verbose=1
/usr/bin/cc       CMakeFiles/cmTryCompileExec954023650.dir/CheckSymbolExists.c.o  -o cmTryCompileExec954023650 -rdynamic 
CMakeFiles/cmTryCompileExec954023650.dir/CheckSymbolExists.c.o: In function `main':
CheckSymbolExists.c:(.text+0x38): undefined reference to `pthread_create'
collect2: error: ld returned 1 exit status
CMakeFiles/cmTryCompileExec954023650.dir/build.make:88: recipe for target 'cmTryCompileExec954023650' failed
make[1]: *** [cmTryCompileExec954023650] Error 1
make[1]: Leaving directory '/home/pi/ros_catkin_ws/build_isolated/camera_calibration_parsers/CMakeFiles/CMakeTmp'
Makefile:118: recipe for target 'cmTryCompileExec954023650/fast' failed
make: *** [cmTryCompileExec954023650/fast] Error 2

File /home/pi/ros_catkin_ws/build_isolated/camera_calibration_parsers/CMakeFiles/CMakeTmp/CheckSymbolExists.c:
/* */
#include <pthread.h>

int main(int argc, char** argv)
{
  (void)argv;
#ifndef pthread_create
  return ((int*)(&pthread_create))[argc];
#else
  (void)argc;
  return 0;
#endif
}

Determining if the function pthread_create exists in the pthreads failed with the following output:
Change Dir: /home/pi/ros_catkin_ws/build_isolated/camera_calibration_parsers/CMakeFiles/CMakeTmp

Run Build Command:"/usr/bin/make" "cmTryCompileExec3302719953/fast"
/usr/bin/make -f CMakeFiles/cmTryCompileExec3302719953.dir/build.make CMakeFiles/cmTryCompileExec3302719953.dir/build
make[1]: Entering directory '/home/pi/ros_catkin_ws/build_isolated/camera_calibration_parsers/CMakeFiles/CMakeTmp'
/usr/bin/cmake -E cmake_progress_report /home/pi/ros_catkin_ws/build_isolated/camera_calibration_parsers/CMakeFiles/CMakeTmp/CMakeFiles 1
Building C object CMakeFiles/cmTryCompileExec3302719953.dir/CheckFunctionExists.c.o
/usr/bin/cc   -DCHECK_FUNCTION_EXISTS=pthread_create   -o CMakeFiles/cmTryCompileExec3302719953.dir/CheckFunctionExists.c.o   -c /usr/share/cmake-3.0/Modules/CheckFunctionExists.c
Linking C executable cmTryCompileExec3302719953
/usr/bin/cmake -E cmake_link_script CMakeFiles/cmTryCompileExec3302719953.dir/link.txt --verbose=1
/usr/bin/cc   -DCHECK_FUNCTION_EXISTS=pthread_create    CMakeFiles/cmTryCompileExec3302719953.dir/CheckFunctionExists.c.o  -o cmTryCompileExec3302719953 -rdynamic -lpthreads 
/usr/bin/ld: cannot find -lpthreads
collect2: error: ld returned 1 exit status
CMakeFiles/cmTryCompileExec3302719953.dir/build.make:88: recipe for target 'cmTryCompileExec3302719953' failed
make[1]: Leaving directory '/home/pi/ros_catkin_ws/build_isolated/camera_calibration_parsers/CMakeFiles/CMakeTmp'
make[1]: *** [cmTryCompileExec3302719953] Error 1
Makefile:118: recipe for target 'cmTryCompileExec3302719953/fast' failed
make: *** [cmTryCompileExec3302719953/fast] Error 2


