Determining if the pthread_create exist failed with the following output:
Change Dir: /home/pi/ros_catkin_ws/build_isolated/dynamic_reconfigure/CMakeFiles/CMakeTmp

Run Build Command:"/usr/bin/make" "cmTryCompileExec335360301/fast"
/usr/bin/make -f CMakeFiles/cmTryCompileExec335360301.dir/build.make CMakeFiles/cmTryCompileExec335360301.dir/build
make[1]: Entering directory '/home/pi/ros_catkin_ws/build_isolated/dynamic_reconfigure/CMakeFiles/CMakeTmp'
/usr/bin/cmake -E cmake_progress_report /home/pi/ros_catkin_ws/build_isolated/dynamic_reconfigure/CMakeFiles/CMakeTmp/CMakeFiles 1
Building C object CMakeFiles/cmTryCompileExec335360301.dir/CheckSymbolExists.c.o
/usr/bin/cc    -o CMakeFiles/cmTryCompileExec335360301.dir/CheckSymbolExists.c.o   -c /home/pi/ros_catkin_ws/build_isolated/dynamic_reconfigure/CMakeFiles/CMakeTmp/CheckSymbolExists.c
Linking C executable cmTryCompileExec335360301
/usr/bin/cmake -E cmake_link_script CMakeFiles/cmTryCompileExec335360301.dir/link.txt --verbose=1
/usr/bin/cc       CMakeFiles/cmTryCompileExec335360301.dir/CheckSymbolExists.c.o  -o cmTryCompileExec335360301 -rdynamic 
CMakeFiles/cmTryCompileExec335360301.dir/CheckSymbolExists.c.o: In function `main':
CheckSymbolExists.c:(.text+0x38): undefined reference to `pthread_create'
collect2: error: ld returned 1 exit status
CMakeFiles/cmTryCompileExec335360301.dir/build.make:88: recipe for target 'cmTryCompileExec335360301' failed
make[1]: Leaving directory '/home/pi/ros_catkin_ws/build_isolated/dynamic_reconfigure/CMakeFiles/CMakeTmp'
make[1]: *** [cmTryCompileExec335360301] Error 1
Makefile:118: recipe for target 'cmTryCompileExec335360301/fast' failed
make: *** [cmTryCompileExec335360301/fast] Error 2

File /home/pi/ros_catkin_ws/build_isolated/dynamic_reconfigure/CMakeFiles/CMakeTmp/CheckSymbolExists.c:
/* */
#include <pthread.h>

int main(int argc, char** argv)
{
  (void)argv;
#ifndef pthread_create
  return ((int*)(&pthread_create))[argc];
#else
  (void)argc;
  return 0;
#endif
}

Determining if the function pthread_create exists in the pthreads failed with the following output:
Change Dir: /home/pi/ros_catkin_ws/build_isolated/dynamic_reconfigure/CMakeFiles/CMakeTmp

Run Build Command:"/usr/bin/make" "cmTryCompileExec1424835099/fast"
/usr/bin/make -f CMakeFiles/cmTryCompileExec1424835099.dir/build.make CMakeFiles/cmTryCompileExec1424835099.dir/build
make[1]: Entering directory '/home/pi/ros_catkin_ws/build_isolated/dynamic_reconfigure/CMakeFiles/CMakeTmp'
/usr/bin/cmake -E cmake_progress_report /home/pi/ros_catkin_ws/build_isolated/dynamic_reconfigure/CMakeFiles/CMakeTmp/CMakeFiles 1
Building C object CMakeFiles/cmTryCompileExec1424835099.dir/CheckFunctionExists.c.o
/usr/bin/cc   -DCHECK_FUNCTION_EXISTS=pthread_create   -o CMakeFiles/cmTryCompileExec1424835099.dir/CheckFunctionExists.c.o   -c /usr/share/cmake-3.0/Modules/CheckFunctionExists.c
Linking C executable cmTryCompileExec1424835099
/usr/bin/cmake -E cmake_link_script CMakeFiles/cmTryCompileExec1424835099.dir/link.txt --verbose=1
/usr/bin/cc   -DCHECK_FUNCTION_EXISTS=pthread_create    CMakeFiles/cmTryCompileExec1424835099.dir/CheckFunctionExists.c.o  -o cmTryCompileExec1424835099 -rdynamic -lpthreads 
/usr/bin/ld: cannot find -lpthreads
collect2: error: ld returned 1 exit status
CMakeFiles/cmTryCompileExec1424835099.dir/build.make:88: recipe for target 'cmTryCompileExec1424835099' failed
make[1]: Leaving directory '/home/pi/ros_catkin_ws/build_isolated/dynamic_reconfigure/CMakeFiles/CMakeTmp'
make[1]: *** [cmTryCompileExec1424835099] Error 1
Makefile:118: recipe for target 'cmTryCompileExec1424835099/fast' failed
make: *** [cmTryCompileExec1424835099/fast] Error 2


